2024-10-13T00:19:05.811+03:00  WARN 6328 --- [teamspeak3app] [HikariPool-1 housekeeper] com.zaxxer.hikari.pool.HikariPool        : HikariPool-1 - Thread starvation or clock leap detected (housekeeper delta=1d10h28m41s903ms393µs200ns).
2024-10-13T00:29:54.077+03:00  INFO 6328 --- [teamspeak3app] [SpringApplicationShutdownHook] j.LocalContainerEntityManagerFactoryBean : Closing JPA EntityManagerFactory for persistence unit 'default'
2024-10-13T00:29:54.096+03:00  INFO 6328 --- [teamspeak3app] [SpringApplicationShutdownHook] com.zaxxer.hikari.HikariDataSource       : HikariPool-1 - Shutdown initiated...
2024-10-13T00:29:56.227+03:00  INFO 6328 --- [teamspeak3app] [SpringApplicationShutdownHook] com.zaxxer.hikari.HikariDataSource       : HikariPool-1 - Shutdown completed.
2024-10-13T00:30:00.842+03:00  INFO 6200 --- [teamspeak3app] [main] o.example.teamspeak3app.Teamspeak3App    : Starting Teamspeak3App using Java 17.0.12 with PID 6200 (D:\teamspeak3-app\target\classes started by Administrator in D:\teamspeak3-app)
2024-10-13T00:30:00.846+03:00  INFO 6200 --- [teamspeak3app] [main] o.example.teamspeak3app.Teamspeak3App    : No active profile set, falling back to 1 default profile: "default"
2024-10-13T00:30:02.228+03:00  INFO 6200 --- [teamspeak3app] [main] .s.d.r.c.RepositoryConfigurationDelegate : Bootstrapping Spring Data JPA repositories in DEFAULT mode.
2024-10-13T00:30:02.306+03:00  INFO 6200 --- [teamspeak3app] [main] .s.d.r.c.RepositoryConfigurationDelegate : Finished Spring Data repository scanning in 69 ms. Found 3 JPA repository interfaces.
2024-10-13T00:30:02.856+03:00  INFO 6200 --- [teamspeak3app] [main] o.s.b.w.embedded.tomcat.TomcatWebServer  : Tomcat initialized with port 80 (http)
2024-10-13T00:30:02.872+03:00  INFO 6200 --- [teamspeak3app] [main] o.apache.catalina.core.StandardService   : Starting service [Tomcat]
2024-10-13T00:30:02.872+03:00  INFO 6200 --- [teamspeak3app] [main] o.apache.catalina.core.StandardEngine    : Starting Servlet engine: [Apache Tomcat/10.1.30]
2024-10-13T00:30:02.935+03:00  INFO 6200 --- [teamspeak3app] [main] o.a.c.c.C.[Tomcat].[localhost].[/]       : Initializing Spring embedded WebApplicationContext
2024-10-13T00:30:02.935+03:00  INFO 6200 --- [teamspeak3app] [main] w.s.c.ServletWebServerApplicationContext : Root WebApplicationContext: initialization completed in 2019 ms
2024-10-13T00:30:03.099+03:00  INFO 6200 --- [teamspeak3app] [main] o.hibernate.jpa.internal.util.LogHelper  : HHH000204: Processing PersistenceUnitInfo [name: default]
2024-10-13T00:30:03.155+03:00  INFO 6200 --- [teamspeak3app] [main] org.hibernate.Version                    : HHH000412: Hibernate ORM core version 6.5.3.Final
2024-10-13T00:30:03.187+03:00  INFO 6200 --- [teamspeak3app] [main] o.h.c.internal.RegionFactoryInitiator    : HHH000026: Second-level cache disabled
2024-10-13T00:30:03.437+03:00  INFO 6200 --- [teamspeak3app] [main] o.s.o.j.p.SpringPersistenceUnitInfo      : No LoadTimeWeaver setup: ignoring JPA class transformer
2024-10-13T00:30:03.462+03:00  INFO 6200 --- [teamspeak3app] [main] com.zaxxer.hikari.HikariDataSource       : HikariPool-1 - Starting...
2024-10-13T00:30:04.345+03:00  INFO 6200 --- [teamspeak3app] [main] com.zaxxer.hikari.pool.HikariPool        : HikariPool-1 - Added connection com.mysql.cj.jdbc.ConnectionImpl@5ba184fc
2024-10-13T00:30:04.346+03:00  INFO 6200 --- [teamspeak3app] [main] com.zaxxer.hikari.HikariDataSource       : HikariPool-1 - Start completed.
2024-10-13T00:30:04.426+03:00  WARN 6200 --- [teamspeak3app] [main] org.hibernate.orm.deprecation            : HHH90000025: MySQL8Dialect does not need to be specified explicitly using 'hibernate.dialect' (remove the property setting and it will be selected by default)
2024-10-13T00:30:04.427+03:00  WARN 6200 --- [teamspeak3app] [main] org.hibernate.orm.deprecation            : HHH90000026: MySQL8Dialect has been deprecated; use org.hibernate.dialect.MySQLDialect instead
2024-10-13T00:30:05.159+03:00  INFO 6200 --- [teamspeak3app] [main] o.h.e.t.j.p.i.JtaPlatformInitiator       : HHH000489: No JTA platform available (set 'hibernate.transaction.jta.platform' to enable JTA platform integration)
2024-10-13T00:30:05.499+03:00  INFO 6200 --- [teamspeak3app] [main] j.LocalContainerEntityManagerFactoryBean : Initialized JPA EntityManagerFactory for persistence unit 'default'
2024-10-13T00:30:06.824+03:00  WARN 6200 --- [teamspeak3app] [main] JpaBaseConfiguration$JpaWebConfiguration : spring.jpa.open-in-view is enabled by default. Therefore, database queries may be performed during view rendering. Explicitly configure spring.jpa.open-in-view to disable this warning
2024-10-13T00:30:07.246+03:00  INFO 6200 --- [teamspeak3app] [main] o.s.b.w.embedded.tomcat.TomcatWebServer  : Tomcat started on port 80 (http) with context path '/'
2024-10-13T00:30:07.260+03:00  INFO 6200 --- [teamspeak3app] [main] o.example.teamspeak3app.Teamspeak3App    : Started Teamspeak3App in 6.824 seconds (process running for 7.478)
2024-10-13T00:30:38.309+03:00  INFO 6200 --- [teamspeak3app] [http-nio-80-exec-1] o.a.c.c.C.[Tomcat].[localhost].[/]       : Initializing Spring DispatcherServlet 'dispatcherServlet'
2024-10-13T00:30:38.310+03:00  INFO 6200 --- [teamspeak3app] [http-nio-80-exec-1] o.s.web.servlet.DispatcherServlet        : Initializing Servlet 'dispatcherServlet'
2024-10-13T00:30:38.311+03:00  INFO 6200 --- [teamspeak3app] [http-nio-80-exec-1] o.s.web.servlet.DispatcherServlet        : Completed initialization in 1 ms
2024-10-13T00:32:25.312+03:00  INFO 6200 --- [teamspeak3app] [SpringApplicationShutdownHook] j.LocalContainerEntityManagerFactoryBean : Closing JPA EntityManagerFactory for persistence unit 'default'
2024-10-13T00:32:25.313+03:00  INFO 6200 --- [teamspeak3app] [SpringApplicationShutdownHook] com.zaxxer.hikari.HikariDataSource       : HikariPool-1 - Shutdown initiated...
2024-10-13T00:32:25.728+03:00  INFO 6200 --- [teamspeak3app] [SpringApplicationShutdownHook] com.zaxxer.hikari.HikariDataSource       : HikariPool-1 - Shutdown completed.
2024-10-13T00:32:29.757+03:00  INFO 10900 --- [teamspeak3app] [main] o.example.teamspeak3app.Teamspeak3App    : Starting Teamspeak3App using Java 17.0.12 with PID 10900 (D:\teamspeak3-app\target\classes started by Administrator in D:\teamspeak3-app)
2024-10-13T00:32:29.760+03:00  INFO 10900 --- [teamspeak3app] [main] o.example.teamspeak3app.Teamspeak3App    : No active profile set, falling back to 1 default profile: "default"
2024-10-13T00:32:30.410+03:00  INFO 10900 --- [teamspeak3app] [main] .s.d.r.c.RepositoryConfigurationDelegate : Bootstrapping Spring Data JPA repositories in DEFAULT mode.
2024-10-13T00:32:30.471+03:00  INFO 10900 --- [teamspeak3app] [main] .s.d.r.c.RepositoryConfigurationDelegate : Finished Spring Data repository scanning in 54 ms. Found 3 JPA repository interfaces.
2024-10-13T00:32:30.882+03:00  INFO 10900 --- [teamspeak3app] [main] o.s.b.w.embedded.tomcat.TomcatWebServer  : Tomcat initialized with port 80 (http)
2024-10-13T00:32:30.891+03:00  INFO 10900 --- [teamspeak3app] [main] o.apache.catalina.core.StandardService   : Starting service [Tomcat]
2024-10-13T00:32:30.892+03:00  INFO 10900 --- [teamspeak3app] [main] o.apache.catalina.core.StandardEngine    : Starting Servlet engine: [Apache Tomcat/10.1.30]
2024-10-13T00:32:30.935+03:00  INFO 10900 --- [teamspeak3app] [main] o.a.c.c.C.[Tomcat].[localhost].[/]       : Initializing Spring embedded WebApplicationContext
2024-10-13T00:32:30.935+03:00  INFO 10900 --- [teamspeak3app] [main] w.s.c.ServletWebServerApplicationContext : Root WebApplicationContext: initialization completed in 1134 ms
2024-10-13T00:32:31.046+03:00  INFO 10900 --- [teamspeak3app] [main] o.hibernate.jpa.internal.util.LogHelper  : HHH000204: Processing PersistenceUnitInfo [name: default]
2024-10-13T00:32:31.082+03:00  INFO 10900 --- [teamspeak3app] [main] org.hibernate.Version                    : HHH000412: Hibernate ORM core version 6.5.3.Final
2024-10-13T00:32:31.110+03:00  INFO 10900 --- [teamspeak3app] [main] o.h.c.internal.RegionFactoryInitiator    : HHH000026: Second-level cache disabled
2024-10-13T00:32:31.333+03:00  INFO 10900 --- [teamspeak3app] [main] o.s.o.j.p.SpringPersistenceUnitInfo      : No LoadTimeWeaver setup: ignoring JPA class transformer
2024-10-13T00:32:31.354+03:00  INFO 10900 --- [teamspeak3app] [main] com.zaxxer.hikari.HikariDataSource       : HikariPool-1 - Starting...
2024-10-13T00:32:32.222+03:00  INFO 10900 --- [teamspeak3app] [main] com.zaxxer.hikari.pool.HikariPool        : HikariPool-1 - Added connection com.mysql.cj.jdbc.ConnectionImpl@1c6ac73c
2024-10-13T00:32:32.223+03:00  INFO 10900 --- [teamspeak3app] [main] com.zaxxer.hikari.HikariDataSource       : HikariPool-1 - Start completed.
2024-10-13T00:32:32.299+03:00  WARN 10900 --- [teamspeak3app] [main] org.hibernate.orm.deprecation            : HHH90000025: MySQL8Dialect does not need to be specified explicitly using 'hibernate.dialect' (remove the property setting and it will be selected by default)
2024-10-13T00:32:32.300+03:00  WARN 10900 --- [teamspeak3app] [main] org.hibernate.orm.deprecation            : HHH90000026: MySQL8Dialect has been deprecated; use org.hibernate.dialect.MySQLDialect instead
2024-10-13T00:32:32.928+03:00  INFO 10900 --- [teamspeak3app] [main] o.h.e.t.j.p.i.JtaPlatformInitiator       : HHH000489: No JTA platform available (set 'hibernate.transaction.jta.platform' to enable JTA platform integration)
2024-10-13T00:32:33.245+03:00  INFO 10900 --- [teamspeak3app] [main] j.LocalContainerEntityManagerFactoryBean : Initialized JPA EntityManagerFactory for persistence unit 'default'
2024-10-13T00:32:34.378+03:00  WARN 10900 --- [teamspeak3app] [main] JpaBaseConfiguration$JpaWebConfiguration : spring.jpa.open-in-view is enabled by default. Therefore, database queries may be performed during view rendering. Explicitly configure spring.jpa.open-in-view to disable this warning
2024-10-13T00:32:34.626+03:00  INFO 10900 --- [teamspeak3app] [main] o.s.b.w.embedded.tomcat.TomcatWebServer  : Tomcat started on port 80 (http) with context path '/'
2024-10-13T00:32:34.633+03:00  INFO 10900 --- [teamspeak3app] [main] o.example.teamspeak3app.Teamspeak3App    : Started Teamspeak3App in 5.261 seconds (process running for 5.821)
2024-10-13T00:32:56.369+03:00  INFO 10900 --- [teamspeak3app] [http-nio-80-exec-2] o.a.c.c.C.[Tomcat].[localhost].[/]       : Initializing Spring DispatcherServlet 'dispatcherServlet'
2024-10-13T00:32:56.369+03:00  INFO 10900 --- [teamspeak3app] [http-nio-80-exec-2] o.s.web.servlet.DispatcherServlet        : Initializing Servlet 'dispatcherServlet'
2024-10-13T00:32:56.370+03:00  INFO 10900 --- [teamspeak3app] [http-nio-80-exec-2] o.s.web.servlet.DispatcherServlet        : Completed initialization in 1 ms
2024-10-13T00:36:04.984+03:00  INFO 10900 --- [teamspeak3app] [SpringApplicationShutdownHook] j.LocalContainerEntityManagerFactoryBean : Closing JPA EntityManagerFactory for persistence unit 'default'
2024-10-13T00:36:04.986+03:00  INFO 10900 --- [teamspeak3app] [SpringApplicationShutdownHook] com.zaxxer.hikari.HikariDataSource       : HikariPool-1 - Shutdown initiated...
2024-10-13T00:36:05.405+03:00  INFO 10900 --- [teamspeak3app] [SpringApplicationShutdownHook] com.zaxxer.hikari.HikariDataSource       : HikariPool-1 - Shutdown completed.
2024-10-13T00:36:09.235+03:00  INFO 12948 --- [teamspeak3app] [main] o.example.teamspeak3app.Teamspeak3App    : Starting Teamspeak3App using Java 17.0.12 with PID 12948 (D:\teamspeak3-app\target\classes started by Administrator in D:\teamspeak3-app)
2024-10-13T00:36:09.238+03:00  INFO 12948 --- [teamspeak3app] [main] o.example.teamspeak3app.Teamspeak3App    : No active profile set, falling back to 1 default profile: "default"
2024-10-13T00:36:09.868+03:00  INFO 12948 --- [teamspeak3app] [main] .s.d.r.c.RepositoryConfigurationDelegate : Bootstrapping Spring Data JPA repositories in DEFAULT mode.
2024-10-13T00:36:09.931+03:00  INFO 12948 --- [teamspeak3app] [main] .s.d.r.c.RepositoryConfigurationDelegate : Finished Spring Data repository scanning in 54 ms. Found 3 JPA repository interfaces.
2024-10-13T00:36:10.327+03:00  INFO 12948 --- [teamspeak3app] [main] o.s.b.w.embedded.tomcat.TomcatWebServer  : Tomcat initialized with port 80 (http)
2024-10-13T00:36:10.336+03:00  INFO 12948 --- [teamspeak3app] [main] o.apache.catalina.core.StandardService   : Starting service [Tomcat]
2024-10-13T00:36:10.337+03:00  INFO 12948 --- [teamspeak3app] [main] o.apache.catalina.core.StandardEngine    : Starting Servlet engine: [Apache Tomcat/10.1.30]
2024-10-13T00:36:10.392+03:00  INFO 12948 --- [teamspeak3app] [main] o.a.c.c.C.[Tomcat].[localhost].[/]       : Initializing Spring embedded WebApplicationContext
2024-10-13T00:36:10.392+03:00  INFO 12948 --- [teamspeak3app] [main] w.s.c.ServletWebServerApplicationContext : Root WebApplicationContext: initialization completed in 1117 ms
2024-10-13T00:36:10.505+03:00  INFO 12948 --- [teamspeak3app] [main] o.hibernate.jpa.internal.util.LogHelper  : HHH000204: Processing PersistenceUnitInfo [name: default]
2024-10-13T00:36:10.542+03:00  INFO 12948 --- [teamspeak3app] [main] org.hibernate.Version                    : HHH000412: Hibernate ORM core version 6.5.3.Final
2024-10-13T00:36:10.576+03:00  INFO 12948 --- [teamspeak3app] [main] o.h.c.internal.RegionFactoryInitiator    : HHH000026: Second-level cache disabled
2024-10-13T00:36:10.786+03:00  INFO 12948 --- [teamspeak3app] [main] o.s.o.j.p.SpringPersistenceUnitInfo      : No LoadTimeWeaver setup: ignoring JPA class transformer
2024-10-13T00:36:10.807+03:00  INFO 12948 --- [teamspeak3app] [main] com.zaxxer.hikari.HikariDataSource       : HikariPool-1 - Starting...
2024-10-13T00:36:11.518+03:00  INFO 12948 --- [teamspeak3app] [main] com.zaxxer.hikari.pool.HikariPool        : HikariPool-1 - Added connection com.mysql.cj.jdbc.ConnectionImpl@618f627b
2024-10-13T00:36:11.519+03:00  INFO 12948 --- [teamspeak3app] [main] com.zaxxer.hikari.HikariDataSource       : HikariPool-1 - Start completed.
2024-10-13T00:36:11.592+03:00  WARN 12948 --- [teamspeak3app] [main] org.hibernate.orm.deprecation            : HHH90000025: MySQL8Dialect does not need to be specified explicitly using 'hibernate.dialect' (remove the property setting and it will be selected by default)
2024-10-13T00:36:11.593+03:00  WARN 12948 --- [teamspeak3app] [main] org.hibernate.orm.deprecation            : HHH90000026: MySQL8Dialect has been deprecated; use org.hibernate.dialect.MySQLDialect instead
2024-10-13T00:36:12.215+03:00  INFO 12948 --- [teamspeak3app] [main] o.h.e.t.j.p.i.JtaPlatformInitiator       : HHH000489: No JTA platform available (set 'hibernate.transaction.jta.platform' to enable JTA platform integration)
2024-10-13T00:36:12.528+03:00  INFO 12948 --- [teamspeak3app] [main] j.LocalContainerEntityManagerFactoryBean : Initialized JPA EntityManagerFactory for persistence unit 'default'
2024-10-13T00:36:13.692+03:00  WARN 12948 --- [teamspeak3app] [main] JpaBaseConfiguration$JpaWebConfiguration : spring.jpa.open-in-view is enabled by default. Therefore, database queries may be performed during view rendering. Explicitly configure spring.jpa.open-in-view to disable this warning
2024-10-13T00:36:13.930+03:00  INFO 12948 --- [teamspeak3app] [main] o.s.b.w.embedded.tomcat.TomcatWebServer  : Tomcat started on port 80 (http) with context path '/'
2024-10-13T00:36:13.938+03:00  INFO 12948 --- [teamspeak3app] [main] o.example.teamspeak3app.Teamspeak3App    : Started Teamspeak3App in 5.078 seconds (process running for 5.605)
2024-10-13T00:37:25.421+03:00  INFO 12948 --- [teamspeak3app] [http-nio-80-exec-2] o.a.c.c.C.[Tomcat].[localhost].[/]       : Initializing Spring DispatcherServlet 'dispatcherServlet'
2024-10-13T00:37:25.421+03:00  INFO 12948 --- [teamspeak3app] [http-nio-80-exec-2] o.s.web.servlet.DispatcherServlet        : Initializing Servlet 'dispatcherServlet'
2024-10-13T00:37:25.422+03:00  INFO 12948 --- [teamspeak3app] [http-nio-80-exec-2] o.s.web.servlet.DispatcherServlet        : Completed initialization in 1 ms
2024-10-13T00:43:25.501+03:00  INFO 12948 --- [teamspeak3app] [SpringApplicationShutdownHook] j.LocalContainerEntityManagerFactoryBean : Closing JPA EntityManagerFactory for persistence unit 'default'
2024-10-13T00:43:25.503+03:00  INFO 12948 --- [teamspeak3app] [SpringApplicationShutdownHook] com.zaxxer.hikari.HikariDataSource       : HikariPool-1 - Shutdown initiated...
2024-10-13T00:43:26.158+03:00  INFO 12948 --- [teamspeak3app] [SpringApplicationShutdownHook] com.zaxxer.hikari.HikariDataSource       : HikariPool-1 - Shutdown completed.
2024-10-13T00:43:30.182+03:00  INFO 10656 --- [teamspeak3app] [main] o.example.teamspeak3app.Teamspeak3App    : Starting Teamspeak3App using Java 17.0.12 with PID 10656 (D:\teamspeak3-app\target\classes started by Administrator in D:\teamspeak3-app)
2024-10-13T00:43:30.185+03:00  INFO 10656 --- [teamspeak3app] [main] o.example.teamspeak3app.Teamspeak3App    : No active profile set, falling back to 1 default profile: "default"
2024-10-13T00:43:30.821+03:00  INFO 10656 --- [teamspeak3app] [main] .s.d.r.c.RepositoryConfigurationDelegate : Bootstrapping Spring Data JPA repositories in DEFAULT mode.
2024-10-13T00:43:30.881+03:00  INFO 10656 --- [teamspeak3app] [main] .s.d.r.c.RepositoryConfigurationDelegate : Finished Spring Data repository scanning in 52 ms. Found 3 JPA repository interfaces.
2024-10-13T00:43:31.280+03:00  INFO 10656 --- [teamspeak3app] [main] o.s.b.w.embedded.tomcat.TomcatWebServer  : Tomcat initialized with port 80 (http)
2024-10-13T00:43:31.291+03:00  INFO 10656 --- [teamspeak3app] [main] o.apache.catalina.core.StandardService   : Starting service [Tomcat]
2024-10-13T00:43:31.291+03:00  INFO 10656 --- [teamspeak3app] [main] o.apache.catalina.core.StandardEngine    : Starting Servlet engine: [Apache Tomcat/10.1.30]
2024-10-13T00:43:31.336+03:00  INFO 10656 --- [teamspeak3app] [main] o.a.c.c.C.[Tomcat].[localhost].[/]       : Initializing Spring embedded WebApplicationContext
2024-10-13T00:43:31.336+03:00  INFO 10656 --- [teamspeak3app] [main] w.s.c.ServletWebServerApplicationContext : Root WebApplicationContext: initialization completed in 1113 ms
2024-10-13T00:43:31.444+03:00  INFO 10656 --- [teamspeak3app] [main] o.hibernate.jpa.internal.util.LogHelper  : HHH000204: Processing PersistenceUnitInfo [name: default]
2024-10-13T00:43:31.479+03:00  INFO 10656 --- [teamspeak3app] [main] org.hibernate.Version                    : HHH000412: Hibernate ORM core version 6.5.3.Final
2024-10-13T00:43:31.513+03:00  INFO 10656 --- [teamspeak3app] [main] o.h.c.internal.RegionFactoryInitiator    : HHH000026: Second-level cache disabled
2024-10-13T00:43:31.724+03:00  INFO 10656 --- [teamspeak3app] [main] o.s.o.j.p.SpringPersistenceUnitInfo      : No LoadTimeWeaver setup: ignoring JPA class transformer
2024-10-13T00:43:31.746+03:00  INFO 10656 --- [teamspeak3app] [main] com.zaxxer.hikari.HikariDataSource       : HikariPool-1 - Starting...
2024-10-13T00:43:32.442+03:00  INFO 10656 --- [teamspeak3app] [main] com.zaxxer.hikari.pool.HikariPool        : HikariPool-1 - Added connection com.mysql.cj.jdbc.ConnectionImpl@72715e61
2024-10-13T00:43:32.443+03:00  INFO 10656 --- [teamspeak3app] [main] com.zaxxer.hikari.HikariDataSource       : HikariPool-1 - Start completed.
2024-10-13T00:43:32.520+03:00  WARN 10656 --- [teamspeak3app] [main] org.hibernate.orm.deprecation            : HHH90000025: MySQL8Dialect does not need to be specified explicitly using 'hibernate.dialect' (remove the property setting and it will be selected by default)
2024-10-13T00:43:32.521+03:00  WARN 10656 --- [teamspeak3app] [main] org.hibernate.orm.deprecation            : HHH90000026: MySQL8Dialect has been deprecated; use org.hibernate.dialect.MySQLDialect instead
2024-10-13T00:43:33.215+03:00  INFO 10656 --- [teamspeak3app] [main] o.h.e.t.j.p.i.JtaPlatformInitiator       : HHH000489: No JTA platform available (set 'hibernate.transaction.jta.platform' to enable JTA platform integration)
2024-10-13T00:43:33.565+03:00  INFO 10656 --- [teamspeak3app] [main] j.LocalContainerEntityManagerFactoryBean : Initialized JPA EntityManagerFactory for persistence unit 'default'
2024-10-13T00:43:34.786+03:00  WARN 10656 --- [teamspeak3app] [main] JpaBaseConfiguration$JpaWebConfiguration : spring.jpa.open-in-view is enabled by default. Therefore, database queries may be performed during view rendering. Explicitly configure spring.jpa.open-in-view to disable this warning
2024-10-13T00:43:35.030+03:00  INFO 10656 --- [teamspeak3app] [main] o.s.b.w.embedded.tomcat.TomcatWebServer  : Tomcat started on port 80 (http) with context path '/'
2024-10-13T00:43:35.038+03:00  INFO 10656 --- [teamspeak3app] [main] o.example.teamspeak3app.Teamspeak3App    : Started Teamspeak3App in 5.235 seconds (process running for 5.786)
2024-10-13T00:43:35.887+03:00  INFO 10656 --- [teamspeak3app] [http-nio-80-exec-2] o.a.c.c.C.[Tomcat].[localhost].[/]       : Initializing Spring DispatcherServlet 'dispatcherServlet'
2024-10-13T00:43:35.887+03:00  INFO 10656 --- [teamspeak3app] [http-nio-80-exec-2] o.s.web.servlet.DispatcherServlet        : Initializing Servlet 'dispatcherServlet'
2024-10-13T00:43:35.889+03:00  INFO 10656 --- [teamspeak3app] [http-nio-80-exec-2] o.s.web.servlet.DispatcherServlet        : Completed initialization in 2 ms
2024-10-13T00:45:11.088+03:00  INFO 10656 --- [teamspeak3app] [SpringApplicationShutdownHook] j.LocalContainerEntityManagerFactoryBean : Closing JPA EntityManagerFactory for persistence unit 'default'
2024-10-13T00:45:11.090+03:00  INFO 10656 --- [teamspeak3app] [SpringApplicationShutdownHook] com.zaxxer.hikari.HikariDataSource       : HikariPool-1 - Shutdown initiated...
2024-10-13T00:45:11.514+03:00  INFO 10656 --- [teamspeak3app] [SpringApplicationShutdownHook] com.zaxxer.hikari.HikariDataSource       : HikariPool-1 - Shutdown completed.
2024-10-13T00:45:15.220+03:00  INFO 20796 --- [teamspeak3app] [main] o.example.teamspeak3app.Teamspeak3App    : Starting Teamspeak3App using Java 17.0.12 with PID 20796 (D:\teamspeak3-app\target\classes started by Administrator in D:\teamspeak3-app)
2024-10-13T00:45:15.223+03:00  INFO 20796 --- [teamspeak3app] [main] o.example.teamspeak3app.Teamspeak3App    : No active profile set, falling back to 1 default profile: "default"
2024-10-13T00:45:15.870+03:00  INFO 20796 --- [teamspeak3app] [main] .s.d.r.c.RepositoryConfigurationDelegate : Bootstrapping Spring Data JPA repositories in DEFAULT mode.
2024-10-13T00:45:15.931+03:00  INFO 20796 --- [teamspeak3app] [main] .s.d.r.c.RepositoryConfigurationDelegate : Finished Spring Data repository scanning in 53 ms. Found 3 JPA repository interfaces.
2024-10-13T00:45:16.316+03:00  INFO 20796 --- [teamspeak3app] [main] o.s.b.w.embedded.tomcat.TomcatWebServer  : Tomcat initialized with port 80 (http)
2024-10-13T00:45:16.326+03:00  INFO 20796 --- [teamspeak3app] [main] o.apache.catalina.core.StandardService   : Starting service [Tomcat]
2024-10-13T00:45:16.326+03:00  INFO 20796 --- [teamspeak3app] [main] o.apache.catalina.core.StandardEngine    : Starting Servlet engine: [Apache Tomcat/10.1.30]
2024-10-13T00:45:16.369+03:00  INFO 20796 --- [teamspeak3app] [main] o.a.c.c.C.[Tomcat].[localhost].[/]       : Initializing Spring embedded WebApplicationContext
2024-10-13T00:45:16.370+03:00  INFO 20796 --- [teamspeak3app] [main] w.s.c.ServletWebServerApplicationContext : Root WebApplicationContext: initialization completed in 1106 ms
2024-10-13T00:45:16.479+03:00  INFO 20796 --- [teamspeak3app] [main] o.hibernate.jpa.internal.util.LogHelper  : HHH000204: Processing PersistenceUnitInfo [name: default]
2024-10-13T00:45:16.514+03:00  INFO 20796 --- [teamspeak3app] [main] org.hibernate.Version                    : HHH000412: Hibernate ORM core version 6.5.3.Final
2024-10-13T00:45:16.544+03:00  INFO 20796 --- [teamspeak3app] [main] o.h.c.internal.RegionFactoryInitiator    : HHH000026: Second-level cache disabled
2024-10-13T00:45:16.755+03:00  INFO 20796 --- [teamspeak3app] [main] o.s.o.j.p.SpringPersistenceUnitInfo      : No LoadTimeWeaver setup: ignoring JPA class transformer
2024-10-13T00:45:16.782+03:00  INFO 20796 --- [teamspeak3app] [main] com.zaxxer.hikari.HikariDataSource       : HikariPool-1 - Starting...
2024-10-13T00:45:17.503+03:00  INFO 20796 --- [teamspeak3app] [main] com.zaxxer.hikari.pool.HikariPool        : HikariPool-1 - Added connection com.mysql.cj.jdbc.ConnectionImpl@23469199
2024-10-13T00:45:17.504+03:00  INFO 20796 --- [teamspeak3app] [main] com.zaxxer.hikari.HikariDataSource       : HikariPool-1 - Start completed.
2024-10-13T00:45:17.578+03:00  WARN 20796 --- [teamspeak3app] [main] org.hibernate.orm.deprecation            : HHH90000025: MySQL8Dialect does not need to be specified explicitly using 'hibernate.dialect' (remove the property setting and it will be selected by default)
2024-10-13T00:45:17.579+03:00  WARN 20796 --- [teamspeak3app] [main] org.hibernate.orm.deprecation            : HHH90000026: MySQL8Dialect has been deprecated; use org.hibernate.dialect.MySQLDialect instead
2024-10-13T00:45:18.199+03:00  INFO 20796 --- [teamspeak3app] [main] o.h.e.t.j.p.i.JtaPlatformInitiator       : HHH000489: No JTA platform available (set 'hibernate.transaction.jta.platform' to enable JTA platform integration)
2024-10-13T00:45:18.522+03:00  INFO 20796 --- [teamspeak3app] [main] j.LocalContainerEntityManagerFactoryBean : Initialized JPA EntityManagerFactory for persistence unit 'default'
2024-10-13T00:45:19.654+03:00  WARN 20796 --- [teamspeak3app] [main] JpaBaseConfiguration$JpaWebConfiguration : spring.jpa.open-in-view is enabled by default. Therefore, database queries may be performed during view rendering. Explicitly configure spring.jpa.open-in-view to disable this warning
2024-10-13T00:45:19.896+03:00  INFO 20796 --- [teamspeak3app] [main] o.s.b.w.embedded.tomcat.TomcatWebServer  : Tomcat started on port 80 (http) with context path '/'
2024-10-13T00:45:19.903+03:00  INFO 20796 --- [teamspeak3app] [main] o.example.teamspeak3app.Teamspeak3App    : Started Teamspeak3App in 5.048 seconds (process running for 5.602)
2024-10-13T00:46:00.742+03:00  INFO 20796 --- [teamspeak3app] [http-nio-80-exec-1] o.a.c.c.C.[Tomcat].[localhost].[/]       : Initializing Spring DispatcherServlet 'dispatcherServlet'
2024-10-13T00:46:00.743+03:00  INFO 20796 --- [teamspeak3app] [http-nio-80-exec-1] o.s.web.servlet.DispatcherServlet        : Initializing Servlet 'dispatcherServlet'
2024-10-13T00:46:00.744+03:00  INFO 20796 --- [teamspeak3app] [http-nio-80-exec-1] o.s.web.servlet.DispatcherServlet        : Completed initialization in 1 ms
2024-10-13T00:49:11.385+03:00  INFO 20796 --- [teamspeak3app] [SpringApplicationShutdownHook] j.LocalContainerEntityManagerFactoryBean : Closing JPA EntityManagerFactory for persistence unit 'default'
2024-10-13T00:49:11.387+03:00  INFO 20796 --- [teamspeak3app] [SpringApplicationShutdownHook] com.zaxxer.hikari.HikariDataSource       : HikariPool-1 - Shutdown initiated...
2024-10-13T00:49:11.827+03:00  INFO 20796 --- [teamspeak3app] [SpringApplicationShutdownHook] com.zaxxer.hikari.HikariDataSource       : HikariPool-1 - Shutdown completed.
